2020-11-26 23:11:47.8361||DEBUG|Vote.Program|init main 
2020-11-26 23:11:52.9126||INFO|Microsoft.Hosting.Lifetime|Now listening on: https://localhost:5001 
2020-11-26 23:11:52.9339||INFO|Microsoft.Hosting.Lifetime|Now listening on: http://localhost:5000 
2020-11-26 23:11:52.9339||INFO|Microsoft.Hosting.Lifetime|Application started. Press Ctrl+C to shut down. 
2020-11-26 23:11:52.9518||INFO|Microsoft.Hosting.Lifetime|Hosting environment: Development 
2020-11-26 23:11:52.9518||INFO|Microsoft.Hosting.Lifetime|Content root path: C:\Users\Vlad\source\repos\Vote\Vote 
2020-11-26 23:12:06.1645|3|ERROR|Microsoft.AspNetCore.Mvc.ViewFeatures.ViewResultExecutor|The view 'Index2' was not found. Searched locations: /Views/Vote/Index2.en.cshtml, /Views/Vote/Index2.cshtml, /Views/Shared/Index2.en.cshtml, /Views/Shared/Index2.cshtml, /Pages/Shared/Index2.en.cshtml, /Pages/Shared/Index2.cshtml 
2020-11-26 23:12:06.3294|1|ERROR|Microsoft.AspNetCore.Diagnostics.DeveloperExceptionPageMiddleware|An unhandled exception has occurred while executing the request. System.InvalidOperationException: The view 'Index2' was not found. The following locations were searched:
/Views/Vote/Index2.en.cshtml
/Views/Vote/Index2.cshtml
/Views/Shared/Index2.en.cshtml
/Views/Shared/Index2.cshtml
/Pages/Shared/Index2.en.cshtml
/Pages/Shared/Index2.cshtml
   at Microsoft.AspNetCore.Mvc.ViewEngines.ViewEngineResult.EnsureSuccessful(IEnumerable`1 originalLocations)
   at Microsoft.AspNetCore.Mvc.ViewFeatures.ViewResultExecutor.ExecuteAsync(ActionContext context, ViewResult result)
   at Microsoft.AspNetCore.Mvc.ViewResult.ExecuteResultAsync(ActionContext context)
   at Microsoft.AspNetCore.Mvc.Infrastructure.ResourceInvoker.<InvokeNextResultFilterAsync>g__Awaited|29_0[TFilter,TFilterAsync](ResourceInvoker invoker, Task lastTask, State next, Scope scope, Object state, Boolean isCompleted)
   at Microsoft.AspNetCore.Mvc.Infrastructure.ResourceInvoker.Rethrow(ResultExecutedContextSealed context)
   at Microsoft.AspNetCore.Mvc.Infrastructure.ResourceInvoker.ResultNext[TFilter,TFilterAsync](State& next, Scope& scope, Object& state, Boolean& isCompleted)
   at Microsoft.AspNetCore.Mvc.Infrastructure.ResourceInvoker.InvokeResultFilters()
--- End of stack trace from previous location where exception was thrown ---
   at Microsoft.AspNetCore.Mvc.Infrastructure.ResourceInvoker.<InvokeNextResourceFilter>g__Awaited|24_0(ResourceInvoker invoker, Task lastTask, State next, Scope scope, Object state, Boolean isCompleted)
   at Microsoft.AspNetCore.Mvc.Infrastructure.ResourceInvoker.Rethrow(ResourceExecutedContextSealed context)
   at Microsoft.AspNetCore.Mvc.Infrastructure.ResourceInvoker.Next(State& next, Scope& scope, Object& state, Boolean& isCompleted)
   at Microsoft.AspNetCore.Mvc.Infrastructure.ResourceInvoker.InvokeFilterPipelineAsync()
--- End of stack trace from previous location where exception was thrown ---
   at Microsoft.AspNetCore.Mvc.Infrastructure.ResourceInvoker.<InvokeAsync>g__Awaited|17_0(ResourceInvoker invoker, Task task, IDisposable scope)
   at Microsoft.AspNetCore.Routing.EndpointMiddleware.<Invoke>g__AwaitRequestTask|6_0(Endpoint endpoint, Task requestTask, ILogger logger)
   at Microsoft.AspNetCore.Authorization.AuthorizationMiddleware.Invoke(HttpContext context)
   at Microsoft.AspNetCore.Authentication.AuthenticationMiddleware.Invoke(HttpContext context)
   at Microsoft.AspNetCore.Localization.RequestLocalizationMiddleware.Invoke(HttpContext context)
   at Microsoft.AspNetCore.Diagnostics.EntityFrameworkCore.MigrationsEndPointMiddleware.Invoke(HttpContext context)
   at Microsoft.AspNetCore.Diagnostics.EntityFrameworkCore.DatabaseErrorPageMiddleware.Invoke(HttpContext httpContext)
   at Microsoft.AspNetCore.Diagnostics.EntityFrameworkCore.DatabaseErrorPageMiddleware.Invoke(HttpContext httpContext)
   at Microsoft.AspNetCore.Diagnostics.DeveloperExceptionPageMiddleware.Invoke(HttpContext context)
2020-11-26 23:13:51.0250||DEBUG|Vote.Program|init main 
2020-11-26 23:13:56.9145||INFO|Microsoft.Hosting.Lifetime|Now listening on: https://localhost:5001 
2020-11-26 23:13:56.9321||INFO|Microsoft.Hosting.Lifetime|Now listening on: http://localhost:5000 
2020-11-26 23:13:56.9497||INFO|Microsoft.Hosting.Lifetime|Application started. Press Ctrl+C to shut down. 
2020-11-26 23:13:56.9497||INFO|Microsoft.Hosting.Lifetime|Hosting environment: Development 
2020-11-26 23:13:56.9628||INFO|Microsoft.Hosting.Lifetime|Content root path: C:\Users\Vlad\source\repos\Vote\Vote 
2020-11-26 23:19:08.4496||DEBUG|Vote.Program|init main 
2020-11-26 23:19:12.4145||INFO|Microsoft.Hosting.Lifetime|Now listening on: https://localhost:5001 
2020-11-26 23:19:12.4230||INFO|Microsoft.Hosting.Lifetime|Now listening on: http://localhost:5000 
2020-11-26 23:19:12.4332||INFO|Microsoft.Hosting.Lifetime|Application started. Press Ctrl+C to shut down. 
2020-11-26 23:19:12.4332||INFO|Microsoft.Hosting.Lifetime|Hosting environment: Development 
2020-11-26 23:19:12.4332||INFO|Microsoft.Hosting.Lifetime|Content root path: C:\Users\Vlad\source\repos\Vote\Vote 
2020-11-26 23:30:05.7784||DEBUG|Vote.Program|init main 
2020-11-26 23:30:32.8125||INFO|Microsoft.Hosting.Lifetime|Now listening on: https://localhost:5001 
2020-11-26 23:30:32.8216||INFO|Microsoft.Hosting.Lifetime|Now listening on: http://localhost:5000 
2020-11-26 23:30:32.8216||INFO|Microsoft.Hosting.Lifetime|Application started. Press Ctrl+C to shut down. 
2020-11-26 23:30:32.8216||INFO|Microsoft.Hosting.Lifetime|Hosting environment: Development 
2020-11-26 23:30:32.8216||INFO|Microsoft.Hosting.Lifetime|Content root path: C:\Users\Vlad\source\repos\Vote\Vote 
2020-11-26 23:30:33.9287|1|ERROR|Microsoft.AspNetCore.Diagnostics.DeveloperExceptionPageMiddleware|An unhandled exception has occurred while executing the request. System.ArgumentException: The 'ClientId' option must be provided. (Parameter 'ClientId')
   at Microsoft.AspNetCore.Authentication.OAuth.OAuthOptions.Validate()
   at Microsoft.AspNetCore.Authentication.RemoteAuthenticationOptions.Validate(String scheme)
   at Microsoft.AspNetCore.Authentication.AuthenticationBuilder.<>c__DisplayClass4_0`2.<AddSchemeHelper>b__1(TOptions o)
   at Microsoft.Extensions.Options.ValidateOptions`1.Validate(String name, TOptions options)
   at Microsoft.Extensions.Options.OptionsFactory`1.Create(String name)
   at Microsoft.Extensions.Options.OptionsMonitor`1.<>c__DisplayClass11_0.<Get>b__0()
   at System.Lazy`1.ViaFactory(LazyThreadSafetyMode mode)
   at System.Lazy`1.ExecutionAndPublication(LazyHelper executionAndPublication, Boolean useDefaultConstructor)
   at System.Lazy`1.CreateValue()
   at System.Lazy`1.get_Value()
   at Microsoft.Extensions.Options.OptionsCache`1.GetOrAdd(String name, Func`1 createOptions)
   at Microsoft.Extensions.Options.OptionsMonitor`1.Get(String name)
   at Microsoft.AspNetCore.Authentication.AuthenticationHandler`1.InitializeAsync(AuthenticationScheme scheme, HttpContext context)
   at Microsoft.AspNetCore.Authentication.AuthenticationHandlerProvider.GetHandlerAsync(HttpContext context, String authenticationScheme)
   at Microsoft.AspNetCore.Authentication.AuthenticationMiddleware.Invoke(HttpContext context)
   at Microsoft.AspNetCore.Localization.RequestLocalizationMiddleware.Invoke(HttpContext context)
   at Microsoft.AspNetCore.Diagnostics.EntityFrameworkCore.MigrationsEndPointMiddleware.Invoke(HttpContext context)
   at Microsoft.AspNetCore.Diagnostics.EntityFrameworkCore.DatabaseErrorPageMiddleware.Invoke(HttpContext httpContext)
   at Microsoft.AspNetCore.Diagnostics.EntityFrameworkCore.DatabaseErrorPageMiddleware.Invoke(HttpContext httpContext)
   at Microsoft.AspNetCore.Diagnostics.DeveloperExceptionPageMiddleware.Invoke(HttpContext context)
2020-11-26 23:30:59.3676||DEBUG|Vote.Program|init main 
2020-11-26 23:31:13.9845||DEBUG|Vote.Program|init main 
2020-11-26 23:31:17.7532||INFO|Microsoft.Hosting.Lifetime|Now listening on: https://localhost:5001 
2020-11-26 23:31:17.7614||INFO|Microsoft.Hosting.Lifetime|Now listening on: http://localhost:5000 
2020-11-26 23:31:17.7614||INFO|Microsoft.Hosting.Lifetime|Application started. Press Ctrl+C to shut down. 
2020-11-26 23:31:17.7734||INFO|Microsoft.Hosting.Lifetime|Hosting environment: Development 
2020-11-26 23:31:17.7734||INFO|Microsoft.Hosting.Lifetime|Content root path: C:\Users\Vlad\source\repos\Vote\Vote 
2020-11-26 23:31:39.9789||DEBUG|Vote.Program|init main 
2020-11-26 23:31:45.0763||INFO|Microsoft.Hosting.Lifetime|Now listening on: https://localhost:5001 
2020-11-26 23:31:45.0897||INFO|Microsoft.Hosting.Lifetime|Now listening on: http://localhost:5000 
2020-11-26 23:31:45.1052||INFO|Microsoft.Hosting.Lifetime|Application started. Press Ctrl+C to shut down. 
2020-11-26 23:31:45.1052||INFO|Microsoft.Hosting.Lifetime|Hosting environment: Development 
2020-11-26 23:31:45.1052||INFO|Microsoft.Hosting.Lifetime|Content root path: C:\Users\Vlad\source\repos\Vote\Vote 
2020-11-26 23:32:08.0574||DEBUG|Vote.Program|init main 
2020-11-26 23:32:11.7647||INFO|Microsoft.Hosting.Lifetime|Now listening on: https://localhost:5001 
2020-11-26 23:32:11.7749||INFO|Microsoft.Hosting.Lifetime|Now listening on: http://localhost:5000 
2020-11-26 23:32:11.7749||INFO|Microsoft.Hosting.Lifetime|Application started. Press Ctrl+C to shut down. 
2020-11-26 23:32:11.7749||INFO|Microsoft.Hosting.Lifetime|Hosting environment: Development 
2020-11-26 23:32:11.7749||INFO|Microsoft.Hosting.Lifetime|Content root path: C:\Users\Vlad\source\repos\Vote\Vote 
2020-11-26 23:32:30.7414|1|ERROR|Microsoft.AspNetCore.Diagnostics.DeveloperExceptionPageMiddleware|An unhandled exception has occurred while executing the request. System.ArgumentException: The 'ClientId' option must be provided. (Parameter 'ClientId')
   at Microsoft.AspNetCore.Authentication.OAuth.OAuthOptions.Validate()
   at Microsoft.AspNetCore.Authentication.RemoteAuthenticationOptions.Validate(String scheme)
   at Microsoft.AspNetCore.Authentication.AuthenticationBuilder.<>c__DisplayClass4_0`2.<AddSchemeHelper>b__1(TOptions o)
   at Microsoft.Extensions.Options.ValidateOptions`1.Validate(String name, TOptions options)
   at Microsoft.Extensions.Options.OptionsFactory`1.Create(String name)
   at Microsoft.Extensions.Options.OptionsMonitor`1.<>c__DisplayClass11_0.<Get>b__0()
   at System.Lazy`1.ViaFactory(LazyThreadSafetyMode mode)
   at System.Lazy`1.ExecutionAndPublication(LazyHelper executionAndPublication, Boolean useDefaultConstructor)
   at System.Lazy`1.CreateValue()
   at System.Lazy`1.get_Value()
   at Microsoft.Extensions.Options.OptionsCache`1.GetOrAdd(String name, Func`1 createOptions)
   at Microsoft.Extensions.Options.OptionsMonitor`1.Get(String name)
   at Microsoft.AspNetCore.Authentication.AuthenticationHandler`1.InitializeAsync(AuthenticationScheme scheme, HttpContext context)
   at Microsoft.AspNetCore.Authentication.AuthenticationHandlerProvider.GetHandlerAsync(HttpContext context, String authenticationScheme)
   at Microsoft.AspNetCore.Authentication.AuthenticationMiddleware.Invoke(HttpContext context)
   at Microsoft.AspNetCore.Localization.RequestLocalizationMiddleware.Invoke(HttpContext context)
   at Microsoft.AspNetCore.Diagnostics.EntityFrameworkCore.MigrationsEndPointMiddleware.Invoke(HttpContext context)
   at Microsoft.AspNetCore.Diagnostics.EntityFrameworkCore.DatabaseErrorPageMiddleware.Invoke(HttpContext httpContext)
   at Microsoft.AspNetCore.Diagnostics.EntityFrameworkCore.DatabaseErrorPageMiddleware.Invoke(HttpContext httpContext)
   at Microsoft.AspNetCore.Diagnostics.DeveloperExceptionPageMiddleware.Invoke(HttpContext context)
2020-11-26 23:33:09.5336||DEBUG|Vote.Program|init main 
2020-11-26 23:33:34.6516||INFO|Microsoft.Hosting.Lifetime|Now listening on: https://localhost:5001 
2020-11-26 23:33:34.6516||INFO|Microsoft.Hosting.Lifetime|Now listening on: http://localhost:5000 
2020-11-26 23:33:34.6668||INFO|Microsoft.Hosting.Lifetime|Application started. Press Ctrl+C to shut down. 
2020-11-26 23:33:34.6668||INFO|Microsoft.Hosting.Lifetime|Hosting environment: Development 
2020-11-26 23:33:34.6668||INFO|Microsoft.Hosting.Lifetime|Content root path: C:\Users\Vlad\source\repos\Vote\Vote 
